2022-08-19 13:52:28 [nodeJS-login] info: POST / REGISTER 200 RESPONSE: true, msg: save success
2022-08-19 13:53:51 [nodeJS-login] info: POST / REGISTER 200 RESPONSE: false, msg: 존재하는 아이디 입니다.
2022-08-19 13:54:01 [nodeJS-login] info: POST / REGISTER 200 RESPONSE: false, msg: 존재하는 아이디 입니다.
2022-08-19 13:55:22 [nodeJS-login] info: POST / REGISTER 200 RESPONSE: true, msg: save success
2022-08-19 13:55:38 [nodeJS-login] info: POST / REGISTER 200 RESPONSE: false, msg: 존재하는 아이디 입니다.
2022-08-19 15:05:34 [nodeJS-login] info: POST / LOGIN 200 RESPONSE: false, msg: undefined
2022-08-19 15:06:58 [nodeJS-login] info: POST / LOGIN 200 RESPONSE: false, msg: undefined
2022-08-19 15:08:38 [nodeJS-login] info: POST / LOGIN 200 RESPONSE: false, msg: undefined
2022-08-19 15:08:44 [nodeJS-login] info: POST / LOGIN 200 RESPONSE: false, msg: undefined
2022-08-19 15:09:32 [nodeJS-login] info: POST / LOGIN 200 RESPONSE: true, msg: login successful
2022-08-19 15:09:56 [nodeJS-login] info: POST / LOGIN 200 RESPONSE: true, msg: login successful
2022-08-19 15:10:07 [nodeJS-login] info: POST / LOGIN 200 RESPONSE: false, msg: Login failed : 틀린 password error
2022-08-19 15:10:11 [nodeJS-login] info: POST / LOGIN 200 RESPONSE: false, msg: Login failed : 존재하지 않는 id error
2022-08-19 15:10:23 [nodeJS-login] info: POST / LOGIN 200 RESPONSE: false, msg: Login failed : 존재하지 않는 id error
2022-08-19 15:10:28 [nodeJS-login] info: POST / LOGIN 200 RESPONSE: true, msg: login successful
2022-08-23 13:53:20 [nodeJS-login] info: POST / LOGIN 200 RESPONSE: false, msg: Login failed : 존재하지 않는 id error
2022-08-23 13:53:24 [nodeJS-login] info: POST / LOGIN 200 RESPONSE: false, msg: Login failed : 존재하지 않는 id error
2022-08-23 14:05:44 [nodeJS-login] info: POST / REGISTER 200 RESPONSE: false, msg: 존재하는 아이디 입니다.
2022-08-23 14:05:51 [nodeJS-login] info: POST / REGISTER 200 RESPONSE: true, msg: save success
2022-08-23 14:05:55 [nodeJS-login] info: POST / LOGIN 200 RESPONSE: false, msg: Login failed : 존재하지 않는 id error
2022-08-23 14:06:08 [nodeJS-login] info: POST / LOGIN 200 RESPONSE: false, msg: Login failed : 존재하지 않는 id error
2022-08-23 14:06:28 [nodeJS-login] info: POST / REGISTER 200 RESPONSE: true, msg: save success
2022-08-23 14:06:39 [nodeJS-login] info: POST / LOGIN 200 RESPONSE: false, msg: Login failed : 존재하지 않는 id error
2022-08-23 14:07:20 [nodeJS-login] info: POST / LOGIN 200 RESPONSE: false, msg: Login failed : 존재하지 않는 id error
2022-08-23 14:08:59 [nodeJS-login] info: POST / LOGIN 200 RESPONSE: false, msg: Login failed : 존재하지 않는 id error
2022-08-23 14:09:26 [nodeJS-login] info: POST / LOGIN 200 RESPONSE: false, msg: Login failed : 존재하지 않는 id error
2022-08-23 14:09:45 [nodeJS-login] info: POST / LOGIN 200 RESPONSE: true, msg: login successful
2022-08-23 14:27:14 [nodeJS-login] info: POST / LOGIN 200 RESPONSE: true, msg: login successful
2022-10-13 17:51:11 [nodeJS-login] info: POST / REGISTER 200 RESPONSE: true, msg: save success
2022-10-13 17:51:15 [nodeJS-login] info: POST / LOGIN 200 RESPONSE: true, msg: login successful
2022-10-14 15:22:11 [nodeJS-login] info: POST / LOGIN 200 RESPONSE: true, msg: login successful
2022-10-14 15:26:37 [nodeJS-login] info: POST / LOGIN 200 RESPONSE: true, msg: login successful
2022-10-14 15:28:17 [nodeJS-login] info: POST / LOGIN 200 RESPONSE: true, msg: login successful
2022-10-14 15:41:02 [nodeJS-login] info: POST / LOGIN 200 RESPONSE: true, msg: login successful
2022-10-14 15:50:01 [nodeJS-login] info: POST / LOGIN 200 RESPONSE: true, msg: login successful
2022-10-14 15:51:40 [nodeJS-login] info: POST / LOGIN 200 RESPONSE: true, msg: login successful
2022-10-14 16:11:28 [nodeJS-login] info: POST / LOGIN 200 RESPONSE: true, msg: login successful
2022-10-14 16:13:42 [nodeJS-login] info: POST / LOGIN 200 RESPONSE: true, msg: login successful
2022-10-14 16:14:12 [nodeJS-login] info: POST / LOGIN 200 RESPONSE: true, msg: login successful
2022-10-14 16:14:22 [nodeJS-login] info: POST / LOGIN 200 RESPONSE: true, msg: login successful
2022-10-14 16:15:22 [nodeJS-login] info: POST / LOGIN 200 RESPONSE: true, msg: login successful
2022-10-14 17:08:56 [nodeJS-login] info: POST / LOGIN 200 RESPONSE: true, msg: login successful
2022-10-14 17:51:08 [nodeJS-login] info: POST / LOGIN 200 RESPONSE: true, msg: login successful
2022-10-17 09:42:11 [nodeJS-login] info: POST / LOGIN 200 RESPONSE: true, msg: login successful
2022-10-17 09:43:15 [nodeJS-login] info: POST / LOGIN 200 RESPONSE: true, msg: login successful
2022-10-17 14:19:20 [nodeJS-login] info: POST / LOGIN 200 RESPONSE: true, msg: login successful
2022-10-17 14:45:10 [nodeJS-login] info: POST / LOGIN 200 RESPONSE: false, msg: Login failed : 존재하지 않는 id error
2022-10-17 14:45:18 [nodeJS-login] info: POST / REGISTER 200 RESPONSE: true, msg: save success
2022-10-17 14:45:23 [nodeJS-login] info: POST / LOGIN 200 RESPONSE: true, msg: login successful
2022-10-17 14:52:35 [nodeJS-login] info: POST / REGISTER 200 RESPONSE: true, msg: save success
2022-10-17 14:52:39 [nodeJS-login] info: POST / LOGIN 200 RESPONSE: true, msg: login successful
2022-10-18 11:21:51 [nodeJS-login] info: POST / LOGIN 200 RESPONSE: true, msg: login successful
2022-10-18 12:30:50 [nodeJS-login] info: POST / LOGIN 200 RESPONSE: true, msg: login successful
2022-10-18 12:33:20 [nodeJS-login] info: POST / LOGIN 200 RESPONSE: true, msg: login successful
2022-10-19 10:05:38 [nodeJS-login] info: POST / LOGIN 200 RESPONSE: true, msg: login successful
2022-10-19 10:39:38 [nodeJS-login] info: POST / LOGIN 200 RESPONSE: true, msg: login successful
2022-10-19 10:53:05 [nodeJS-login] info: POST / LOGIN 200 RESPONSE: true, msg: login successful
2022-10-19 12:10:10 [nodeJS-login] info: POST / LOGIN 200 RESPONSE: true, msg: login successful
2022-10-19 12:10:44 [nodeJS-login] info: POST / LOGIN 200 RESPONSE: true, msg: login successful
2022-10-19 12:11:10 [nodeJS-login] info: POST / LOGIN 200 RESPONSE: true, msg: login successful
2022-10-19 12:13:05 [nodeJS-login] info: POST / LOGIN 200 RESPONSE: true, msg: login successful
2022-10-19 12:13:28 [nodeJS-login] info: POST / LOGIN 200 RESPONSE: true, msg: login successful
2022-10-19 12:14:35 [nodeJS-login] info: POST / LOGIN 200 RESPONSE: true, msg: login successful
2022-10-19 12:15:33 [nodeJS-login] info: POST / LOGIN 200 RESPONSE: true, msg: login successful
2022-10-20 10:18:33 [nodeJS-login] info: POST / LOGIN 200 RESPONSE: true, msg: login successful
2022-10-20 14:38:20 [nodeJS-login] info: POST / LOGIN 200 RESPONSE: true, msg: login successful
2022-10-20 14:41:25 [nodeJS-login] info: POST / LOGIN 200 RESPONSE: true, msg: login successful
2022-10-20 14:49:25 [nodeJS-login] info: POST / LOGIN 200 RESPONSE: true, msg: login successful
2022-10-20 14:50:19 [nodeJS-login] info: POST / LOGIN 200 RESPONSE: true, msg: login successful
2022-10-20 14:53:03 [nodeJS-login] info: POST / LOGIN 200 RESPONSE: true, msg: login successful
2022-10-20 15:10:33 [nodeJS-login] info: POST / LOGIN 200 RESPONSE: true, msg: login successful
2022-10-20 15:10:46 [nodeJS-login] info: POST / LOGIN 200 RESPONSE: true, msg: login successful
2022-10-20 16:54:14 [nodeJS-login] info: POST / LOGIN 200 RESPONSE: true, msg: login successful
2022-10-21 14:04:39 [nodeJS-login] info: POST / LOGIN 200 RESPONSE: true, msg: login successful
2022-10-21 17:34:20 [nodeJS-login] info: POST / LOGIN 200 RESPONSE: true, msg: login successful
2022-10-21 18:38:00 [nodeJS-login] info: POST / LOGIN 200 RESPONSE: true, msg: login successful
2022-10-21 18:38:41 [nodeJS-login] info: POST / LOGIN 200 RESPONSE: true, msg: login successful
2022-10-21 18:41:49 [nodeJS-login] info: POST / LOGIN 200 RESPONSE: true, msg: login successful
2022-10-21 18:42:05 [nodeJS-login] info: POST / LOGIN 200 RESPONSE: true, msg: login successful
2022-10-21 19:40:57 [nodeJS-login] info: POST / LOGIN 200 RESPONSE: true, msg: login successful
2022-10-24 11:16:27 [nodeJS-login] info: POST / LOGIN 200 RESPONSE: true, msg: login successful
2022-10-24 11:19:34 [nodeJS-login] info: POST / LOGIN 200 RESPONSE: true, msg: login successful
2022-10-24 11:21:34 [nodeJS-login] info: POST / LOGIN 200 RESPONSE: true, msg: login successful
2022-10-24 11:56:04 [nodeJS-login] info: POST / LOGIN 200 RESPONSE: true, msg: login successful
2022-10-24 17:11:50 [nodeJS-login] info: POST / LOGIN 200 RESPONSE: true, msg: login successful
2022-10-24 19:11:58 [nodeJS-login] info: POST / LOGIN 200 RESPONSE: true, msg: login successful
2022-10-25 11:04:24 [nodeJS-login] info: POST / LOGIN 200 RESPONSE: true, msg: login successful
2022-10-26 11:57:41 [nodeJS-login] info: POST / LOGIN 200 RESPONSE: true, msg: login successful
2022-10-27 10:12:30 [nodeJS-login] info: POST / REGISTER 200 RESPONSE: true, msg: save success
2022-10-27 10:12:34 [nodeJS-login] info: POST / LOGIN 200 RESPONSE: true, msg: login successful
2022-10-28 10:07:07 [nodeJS-login] info: POST / LOGIN 200 RESPONSE: true, msg: login successful
2022-10-28 17:45:23 [nodeJS-login] info: POST / LOGIN 200 RESPONSE: true, msg: login successful
2022-11-01 10:16:52 [nodeJS-login] info: POST / LOGIN 200 RESPONSE: true, msg: login successful
2022-11-01 17:48:00 [nodeJS-login] info: POST / LOGIN 200 RESPONSE: true, msg: login successful
2022-11-02 11:22:55 [nodeJS-login] info: POST / LOGIN 200 RESPONSE: true, msg: login successful
2022-11-02 14:26:10 [nodeJS-login] info: POST / LOGIN 200 RESPONSE: true, msg: login successful
2022-11-02 15:04:24 [nodeJS-login] info: POST / LOGIN 200 RESPONSE: true, msg: login successful
2022-11-02 15:08:38 [nodeJS-login] info: POST / LOGIN 200 RESPONSE: true, msg: login successful
2022-11-02 15:47:56 [nodeJS-login] info: POST / LOGIN 200 RESPONSE: true, msg: login successful
2022-11-03 17:03:29 [nodeJS-login] info: POST / LOGIN 200 RESPONSE: true, msg: login successful
2022-11-04 10:57:25 [nodeJS-login] info: POST / LOGIN 200 RESPONSE: true, msg: login successful
2022-11-04 13:38:01 [nodeJS-login] info: POST / LOGIN 200 RESPONSE: true, msg: login successful
2022-11-07 09:54:18 [nodeJS-login] info: POST / LOGIN 200 RESPONSE: true, msg: login successful
2022-11-07 14:19:16 [nodeJS-login] info: POST / REGISTER 200 RESPONSE: true, msg: save success
2022-11-07 14:19:19 [nodeJS-login] info: POST / LOGIN 200 RESPONSE: true, msg: login successful
2022-11-07 14:36:18 [nodeJS-login] info: POST / LOGIN 200 RESPONSE: true, msg: login successful
2022-11-07 14:36:34 [nodeJS-login] info: POST / LOGIN 200 RESPONSE: true, msg: login successful
2022-11-08 10:54:44 [nodeJS-login] info: POST / REGISTER 200 RESPONSE: true, msg: save success
2022-11-08 10:54:48 [nodeJS-login] info: POST / LOGIN 200 RESPONSE: true, msg: login successful
2022-11-08 13:39:37 [nodeJS-login] info: POST / LOGIN 200 RESPONSE: true, msg: login successful
2022-11-08 13:49:28 [nodeJS-login] info: POST / LOGIN 200 RESPONSE: true, msg: login successful
2022-11-08 13:56:35 [nodeJS-login] info: POST / LOGIN 200 RESPONSE: true, msg: login successful
2022-11-08 13:59:34 [nodeJS-login] info: POST / LOGIN 200 RESPONSE: true, msg: login successful
2022-11-08 14:16:43 [nodeJS-login] info: POST / LOGIN 200 RESPONSE: true, msg: login successful
2022-11-08 14:22:11 [nodeJS-login] info: POST / LOGIN 200 RESPONSE: true, msg: login successful
2022-11-08 14:28:03 [nodeJS-login] info: POST / LOGIN 200 RESPONSE: true, msg: login successful
2022-11-08 14:47:11 [nodeJS-login] info: POST / LOGIN 200 RESPONSE: true, msg: login successful
2022-11-08 14:55:14 [nodeJS-login] info: POST / LOGIN 200 RESPONSE: true, msg: login successful
2022-11-08 14:55:54 [nodeJS-login] info: POST / LOGIN 200 RESPONSE: true, msg: login successful
2022-11-08 14:57:42 [nodeJS-login] info: POST / LOGIN 200 RESPONSE: true, msg: login successful
2022-11-08 15:12:40 [nodeJS-login] info: POST / LOGIN 200 RESPONSE: true, msg: login successful
2022-11-08 15:25:59 [nodeJS-login] info: POST / LOGIN 200 RESPONSE: true, msg: login successful
2022-11-08 16:45:36 [nodeJS-login] info: POST / LOGIN 200 RESPONSE: true, msg: login successful
2022-11-08 17:19:14 [nodeJS-login] info: POST / LOGIN 200 RESPONSE: true, msg: login successful
2022-11-08 17:25:09 [nodeJS-login] info: POST / LOGIN 200 RESPONSE: true, msg: login successful
2022-11-08 17:58:59 [nodeJS-login] info: POST / LOGIN 200 RESPONSE: true, msg: login successful
2022-11-08 17:59:51 [nodeJS-login] info: POST / LOGIN 200 RESPONSE: true, msg: login successful
2022-11-08 18:03:50 [nodeJS-login] info: POST / LOGIN 200 RESPONSE: true, msg: login successful
2022-11-08 18:12:47 [nodeJS-login] info: POST / LOGIN 200 RESPONSE: true, msg: login successful
2022-11-08 18:15:40 [nodeJS-login] info: POST / LOGIN 200 RESPONSE: true, msg: login successful
2022-11-08 18:21:08 [nodeJS-login] info: POST / LOGIN 200 RESPONSE: true, msg: login successful
2022-11-08 18:21:24 [nodeJS-login] info: POST / LOGIN 200 RESPONSE: true, msg: login successful
2022-11-08 18:23:06 [nodeJS-login] info: POST / LOGIN 200 RESPONSE: true, msg: login successful
2022-11-08 18:26:47 [nodeJS-login] info: POST / LOGIN 200 RESPONSE: true, msg: login successful
2022-11-08 18:27:47 [nodeJS-login] info: POST / LOGIN 200 RESPONSE: true, msg: login successful
2022-11-08 18:28:12 [nodeJS-login] info: POST / LOGIN 200 RESPONSE: true, msg: login successful
2022-11-08 18:37:09 [nodeJS-login] info: POST / LOGIN 200 RESPONSE: false, msg: Login failed : 틀린 password error
2022-11-09 10:33:10 [nodeJS-login] info: POST / LOGIN 200 RESPONSE: true, msg: login successful
2022-11-09 10:33:32 [nodeJS-login] info: POST / LOGIN 200 RESPONSE: true, msg: login successful
2022-11-09 10:47:12 [nodeJS-login] info: POST / LOGIN 200 RESPONSE: true, msg: login successful
2022-11-09 10:47:23 [nodeJS-login] info: POST / LOGIN 200 RESPONSE: true, msg: login successful
2022-11-09 10:47:33 [nodeJS-login] info: POST / LOGIN 200 RESPONSE: true, msg: login successful
2022-11-09 10:49:45 [nodeJS-login] info: POST / LOGIN 200 RESPONSE: true, msg: login successful
2022-11-09 10:50:39 [nodeJS-login] info: POST / LOGIN 200 RESPONSE: true, msg: login successful
2022-11-09 10:51:59 [nodeJS-login] info: POST / LOGIN 200 RESPONSE: true, msg: login successful
2022-11-09 10:53:03 [nodeJS-login] info: POST / LOGIN 200 RESPONSE: true, msg: login successful
2022-11-09 11:31:35 [nodeJS-login] info: POST / LOGIN 200 RESPONSE: true, msg: login successful
2022-11-09 11:31:44 [nodeJS-login] info: POST / LOGIN 200 RESPONSE: true, msg: login successful
2022-11-09 11:32:13 [nodeJS-login] info: POST / LOGIN 200 RESPONSE: true, msg: login successful
2022-11-09 11:32:22 [nodeJS-login] info: POST / LOGIN 200 RESPONSE: true, msg: login successful
2022-11-09 11:32:46 [nodeJS-login] info: POST / LOGIN 200 RESPONSE: true, msg: login successful
2022-11-09 11:34:36 [nodeJS-login] info: POST / LOGIN 200 RESPONSE: true, msg: login successful
2022-11-09 11:39:06 [nodeJS-login] info: POST / LOGIN 200 RESPONSE: true, msg: login successful
2022-11-09 11:43:06 [nodeJS-login] info: POST / LOGIN 200 RESPONSE: true, msg: login successful
2022-11-09 13:00:16 [nodeJS-login] info: POST / LOGIN 200 RESPONSE: true, msg: login successful
2022-11-09 15:03:26 [nodeJS-login] info: POST / LOGIN 200 RESPONSE: true, msg: login successful
2022-11-09 15:05:59 [nodeJS-login] info: POST / LOGIN 200 RESPONSE: true, msg: login successful
2022-11-09 15:34:26 [nodeJS-login] info: POST / LOGIN 200 RESPONSE: true, msg: login successful
2022-11-09 15:35:44 [nodeJS-login] info: POST / LOGIN 200 RESPONSE: true, msg: login successful
2022-11-09 15:41:25 [nodeJS-login] info: POST / LOGIN 200 RESPONSE: true, msg: login successful
2022-11-09 15:43:41 [nodeJS-login] info: POST / LOGIN 200 RESPONSE: true, msg: login successful
2022-11-09 16:02:13 [nodeJS-login] info: POST / LOGIN 200 RESPONSE: true, msg: login successful
2022-11-09 16:04:38 [nodeJS-login] info: POST / LOGIN 200 RESPONSE: true, msg: login successful
2022-11-09 16:15:08 [nodeJS-login] info: POST / LOGIN 200 RESPONSE: true, msg: login successful
2022-11-09 17:35:27 [nodeJS-login] info: POST / LOGIN 200 RESPONSE: true, msg: login successful
2022-11-09 17:35:55 [nodeJS-login] info: POST / LOGIN 200 RESPONSE: true, msg: login successful
2022-11-09 17:38:35 [nodeJS-login] info: POST / LOGIN 200 RESPONSE: true, msg: login successful
2022-11-11 10:47:53 [nodeJS-login] info: POST / LOGIN 200 RESPONSE: true, msg: login successful
2022-11-11 10:48:09 [nodeJS-login] info: POST / LOGIN 200 RESPONSE: true, msg: login successful
2022-11-11 12:11:18 [nodeJS-login] info: POST / LOGIN 200 RESPONSE: true, msg: login successful
2022-11-11 12:25:14 [nodeJS-login] info: POST / LOGIN 200 RESPONSE: true, msg: login successful
2022-11-11 12:30:40 [nodeJS-login] info: POST / LOGIN 200 RESPONSE: true, msg: login successful
2022-11-11 12:42:00 [nodeJS-login] info: POST / LOGIN 200 RESPONSE: true, msg: login successful
2022-11-11 12:43:30 [nodeJS-login] info: POST / LOGIN 200 RESPONSE: true, msg: login successful
2022-11-11 12:46:24 [nodeJS-login] info: POST / LOGIN 200 RESPONSE: true, msg: login successful
2022-11-11 13:04:48 [nodeJS-login] info: POST / REGISTER 200 RESPONSE: false, msg: 존재하는 아이디 입니다.
2022-11-11 13:04:57 [nodeJS-login] info: POST / REGISTER 200 RESPONSE: true, msg: save success
2022-11-11 13:05:02 [nodeJS-login] info: POST / LOGIN 200 RESPONSE: true, msg: login successful
2022-11-11 13:06:14 [nodeJS-login] info: POST / LOGIN 200 RESPONSE: true, msg: login successful
2022-11-11 13:13:07 [nodeJS-login] info: POST / LOGIN 200 RESPONSE: true, msg: login successful
2022-11-11 16:00:24 [nodeJS-login] info: POST / LOGIN 200 RESPONSE: true, msg: login successful
2022-11-11 16:00:39 [nodeJS-login] info: POST / LOGIN 200 RESPONSE: true, msg: login successful
2022-11-11 17:38:31 [nodeJS-login] info: POST / LOGIN 200 RESPONSE: true, msg: login successful
2022-11-11 17:38:37 [nodeJS-login] info: POST / LOGIN 200 RESPONSE: true, msg: login successful
2022-11-11 20:12:06 [nodeJS-login] info: POST / LOGIN 200 RESPONSE: true, msg: login successful
2022-11-11 20:12:14 [nodeJS-login] info: POST / LOGIN 200 RESPONSE: true, msg: login successful
2022-11-16 10:20:29 [nodeJS-login] info: POST / LOGIN 200 RESPONSE: true, msg: login successful
2022-11-16 10:23:20 [nodeJS-login] info: POST / LOGIN 200 RESPONSE: true, msg: login successful
2022-11-16 12:12:17 [nodeJS-login] info: POST / LOGIN 200 RESPONSE: true, msg: login successful
2022-11-16 12:12:23 [nodeJS-login] info: POST / LOGIN 200 RESPONSE: true, msg: login successful
2022-11-16 13:27:41 [nodeJS-login] info: POST / LOGIN 200 RESPONSE: true, msg: login successful
2022-11-16 13:27:47 [nodeJS-login] info: POST / LOGIN 200 RESPONSE: true, msg: login successful
2022-11-16 13:27:55 [nodeJS-login] info: POST / LOGIN 200 RESPONSE: true, msg: login successful
2022-11-16 13:30:26 [nodeJS-login] info: POST / LOGIN 200 RESPONSE: true, msg: login successful
2022-11-16 13:32:56 [nodeJS-login] info: POST / LOGIN 200 RESPONSE: true, msg: login successful
2022-11-16 13:33:48 [nodeJS-login] info: POST / LOGIN 200 RESPONSE: true, msg: login successful
2022-11-16 13:33:57 [nodeJS-login] info: POST / LOGIN 200 RESPONSE: true, msg: login successful
2022-11-16 14:05:53 [nodeJS-login] info: POST / LOGIN 200 RESPONSE: true, msg: login successful
2022-11-16 15:28:53 [nodeJS-login] info: POST / LOGIN 200 RESPONSE: true, msg: login successful
2022-11-16 15:31:56 [nodeJS-login] info: POST / LOGIN 200 RESPONSE: true, msg: login successful
2022-11-16 15:49:05 [nodeJS-login] info: POST / LOGIN 200 RESPONSE: true, msg: login successful
2022-11-16 15:50:30 [nodeJS-login] info: POST / LOGIN 200 RESPONSE: true, msg: login successful
2022-11-16 15:50:36 [nodeJS-login] info: POST / LOGIN 200 RESPONSE: true, msg: login successful
2022-11-17 11:34:12 [nodeJS-login] info: POST / LOGIN 200 RESPONSE: true, msg: login successful
2022-11-17 11:34:19 [nodeJS-login] info: POST / LOGIN 200 RESPONSE: true, msg: login successful
2022-11-17 12:14:05 [nodeJS-login] info: POST / LOGIN 200 RESPONSE: true, msg: login successful
2022-11-18 12:14:42 [nodeJS-login] info: POST / LOGIN 200 RESPONSE: true, msg: login successful
2022-11-18 12:14:53 [nodeJS-login] info: POST / LOGIN 200 RESPONSE: true, msg: login successful
2022-11-18 12:15:26 [nodeJS-login] info: POST / LOGIN 200 RESPONSE: true, msg: login successful
2022-11-18 12:17:03 [nodeJS-login] info: POST / LOGIN 200 RESPONSE: false, msg: Login failed : 존재하지 않는 id error
2022-11-18 12:17:06 [nodeJS-login] info: POST / LOGIN 200 RESPONSE: true, msg: login successful
2022-11-18 14:43:03 [nodeJS-login] info: POST / LOGIN 200 RESPONSE: true, msg: login successful
2022-11-18 14:50:12 [nodeJS-login] info: POST / LOGIN 200 RESPONSE: true, msg: login successful
2022-11-18 14:59:09 [nodeJS-login] info: POST / LOGIN 200 RESPONSE: true, msg: login successful
2022-11-18 15:01:36 [nodeJS-login] info: POST / LOGIN 200 RESPONSE: true, msg: login successful
2022-11-18 15:02:57 [nodeJS-login] info: POST / LOGIN 200 RESPONSE: true, msg: login successful
2022-11-18 15:56:40 [nodeJS-login] info: POST / LOGIN 200 RESPONSE: true, msg: login successful
2022-11-18 17:37:49 [nodeJS-login] info: POST / LOGIN 200 RESPONSE: true, msg: login successful
2022-11-18 19:11:11 [nodeJS-login] info: POST / LOGIN 200 RESPONSE: true, msg: login successful
2022-11-18 19:11:14 [nodeJS-login] info: POST / LOGIN 200 RESPONSE: true, msg: login successful
2022-11-21 10:34:48 [nodeJS-login] info: POST / LOGIN 200 RESPONSE: true, msg: login successful
2022-11-21 10:34:51 [nodeJS-login] info: POST / LOGIN 200 RESPONSE: true, msg: login successful
2022-11-21 12:46:33 [nodeJS-login] info: POST / LOGIN 200 RESPONSE: true, msg: login successful
2022-11-21 12:46:35 [nodeJS-login] info: POST / LOGIN 200 RESPONSE: true, msg: login successful
2022-11-22 11:24:41 [nodeJS-login] info: POST / LOGIN 200 RESPONSE: true, msg: login successful
2022-11-22 11:24:43 [nodeJS-login] info: POST / LOGIN 200 RESPONSE: true, msg: login successful
2022-11-22 14:20:00 [nodeJS-login] info: POST / REGISTER 200 RESPONSE: false, msg: 존재하는 아이디 입니다.
2022-11-22 14:20:07 [nodeJS-login] info: POST / LOGIN 200 RESPONSE: true, msg: login successful
2022-11-22 18:43:18 [nodeJS-login] info: POST / LOGIN 200 RESPONSE: true, msg: login successful
2022-11-22 18:43:24 [nodeJS-login] info: POST / LOGIN 200 RESPONSE: true, msg: login successful
2022-11-23 11:03:15 [nodeJS-login] info: POST / LOGIN 200 RESPONSE: true, msg: login successful
2022-11-23 11:06:48 [nodeJS-login] info: POST / LOGIN 200 RESPONSE: true, msg: login successful
2022-11-23 12:13:12 [nodeJS-login] info: POST / LOGIN 200 RESPONSE: true, msg: login successful
2022-11-23 12:13:15 [nodeJS-login] info: POST / LOGIN 200 RESPONSE: true, msg: login successful
2022-11-23 12:45:06 [nodeJS-login] info: POST / LOGIN 200 RESPONSE: true, msg: login successful
2022-11-23 13:08:44 [nodeJS-login] info: POST / LOGIN 200 RESPONSE: true, msg: login successful
2022-11-23 13:12:51 [nodeJS-login] info: POST / LOGIN 200 RESPONSE: true, msg: login successful
2022-11-23 13:30:46 [nodeJS-login] info: POST / LOGIN 200 RESPONSE: true, msg: login successful
2022-11-23 13:31:02 [nodeJS-login] info: POST / LOGIN 200 RESPONSE: true, msg: login successful
2022-11-23 13:35:06 [nodeJS-login] info: POST / LOGIN 200 RESPONSE: true, msg: login successful
2022-11-23 13:35:51 [nodeJS-login] info: POST / LOGIN 200 RESPONSE: true, msg: login successful
2022-11-23 14:49:51 [nodeJS-login] info: POST / REGISTER 200 RESPONSE: true, msg: save success
2022-11-23 14:49:58 [nodeJS-login] info: POST / LOGIN 200 RESPONSE: true, msg: login successful
2022-11-23 15:03:31 [nodeJS-login] info: POST / LOGIN 200 RESPONSE: true, msg: login successful
2022-11-23 15:03:50 [nodeJS-login] info: POST / LOGIN 200 RESPONSE: false, msg: Login failed : 틀린 password error
2022-11-23 15:03:56 [nodeJS-login] info: POST / LOGIN 200 RESPONSE: true, msg: login successful
2022-11-23 15:08:01 [nodeJS-login] info: POST / LOGIN 200 RESPONSE: true, msg: login successful
2022-11-23 15:08:17 [nodeJS-login] info: POST / LOGIN 200 RESPONSE: true, msg: login successful
2022-11-23 15:57:27 [nodeJS-login] info: POST / LOGIN 200 RESPONSE: true, msg: login successful
2022-11-23 16:28:04 [nodeJS-login] info: POST / REGISTER 200 RESPONSE: true, msg: save success
2022-11-23 16:28:11 [nodeJS-login] info: POST / LOGIN 200 RESPONSE: false, msg: Login failed : 틀린 password error
2022-11-23 16:28:16 [nodeJS-login] info: POST / LOGIN 200 RESPONSE: true, msg: login successful
2022-11-23 17:49:57 [nodeJS-login] info: POST / LOGIN 200 RESPONSE: true, msg: login successful
2022-11-23 17:50:00 [nodeJS-login] info: POST / LOGIN 200 RESPONSE: true, msg: login successful
2022-11-23 17:58:37 [nodeJS-login] info: POST / LOGIN 200 RESPONSE: true, msg: login successful
2022-11-23 19:06:57 [nodeJS-login] info: POST / LOGIN 200 RESPONSE: true, msg: login successful
2022-11-27 11:40:08 [nodeJS-login] info: POST / LOGIN 200 RESPONSE: true, msg: login successful
2022-11-27 11:40:10 [nodeJS-login] info: POST / LOGIN 200 RESPONSE: true, msg: login successful
2022-11-27 11:40:17 [nodeJS-login] info: POST / LOGIN 200 RESPONSE: true, msg: login successful
2022-11-27 11:40:38 [nodeJS-login] info: POST / LOGIN 200 RESPONSE: true, msg: login successful
2022-11-27 11:44:39 [nodeJS-login] info: POST / LOGIN 200 RESPONSE: true, msg: login successful
2022-11-27 11:45:03 [nodeJS-login] info: POST / LOGIN 200 RESPONSE: true, msg: login successful
2022-11-28 01:27:16 [nodeJS-login] info: POST / LOGIN 200 RESPONSE: true, msg: login successful
2022-11-28 01:27:20 [nodeJS-login] info: POST / LOGIN 200 RESPONSE: true, msg: login successful
2022-11-28 01:31:04 [nodeJS-login] info: POST / LOGIN 200 RESPONSE: true, msg: login successful
2022-11-28 01:41:04 [nodeJS-login] info: POST / LOGIN 200 RESPONSE: true, msg: login successful
2022-11-28 01:44:07 [nodeJS-login] info: POST / LOGIN 200 RESPONSE: true, msg: login successful
2022-11-28 01:45:57 [nodeJS-login] info: POST / LOGIN 200 RESPONSE: true, msg: login successful
2022-11-28 01:50:45 [nodeJS-login] info: POST / LOGIN 200 RESPONSE: true, msg: login successful
2022-11-28 01:50:56 [nodeJS-login] info: POST / LOGIN 200 RESPONSE: true, msg: login successful
2022-11-28 01:51:32 [nodeJS-login] info: POST / LOGIN 200 RESPONSE: true, msg: login successful
2022-11-28 01:51:47 [nodeJS-login] info: POST / LOGIN 200 RESPONSE: true, msg: login successful
2022-11-28 01:51:56 [nodeJS-login] info: POST / LOGIN 200 RESPONSE: true, msg: login successful
2022-11-28 01:52:18 [nodeJS-login] info: POST / REGISTER 200 RESPONSE: true, msg: save success
2022-11-28 01:52:22 [nodeJS-login] info: POST / LOGIN 200 RESPONSE: true, msg: login successful
2022-11-28 01:58:02 [nodeJS-login] info: POST / REGISTER 200 RESPONSE: true, msg: save success
2022-11-28 01:58:05 [nodeJS-login] info: POST / LOGIN 200 RESPONSE: true, msg: login successful
2022-11-28 02:00:44 [nodeJS-login] info: POST / LOGIN 200 RESPONSE: true, msg: login successful
2022-11-28 02:05:30 [nodeJS-login] info: POST / LOGIN 200 RESPONSE: true, msg: login successful
2022-11-28 02:06:36 [nodeJS-login] info: POST / LOGIN 200 RESPONSE: true, msg: login successful
2022-11-28 02:06:56 [nodeJS-login] info: POST / LOGIN 200 RESPONSE: true, msg: login successful
2022-11-28 02:07:20 [nodeJS-login] info: POST / REGISTER 200 RESPONSE: true, msg: save success
2022-11-28 02:07:24 [nodeJS-login] info: POST / LOGIN 200 RESPONSE: true, msg: login successful
2022-11-28 02:38:43 [nodeJS-login] info: POST / LOGIN 200 RESPONSE: true, msg: login successful
2022-11-28 02:40:18 [nodeJS-login] info: POST / LOGIN 200 RESPONSE: true, msg: login successful
2022-11-28 02:41:14 [nodeJS-login] info: POST / REGISTER 200 RESPONSE: true, msg: save success
2022-11-28 02:41:19 [nodeJS-login] info: POST / LOGIN 200 RESPONSE: true, msg: login successful
2022-11-28 12:59:14 [nodeJS-login] info: POST / LOGIN 200 RESPONSE: true, msg: login successful
2022-11-28 13:01:46 [nodeJS-login] info: POST / LOGIN 200 RESPONSE: true, msg: login successful
2022-11-28 13:55:08 [nodeJS-login] info: POST / LOGIN 200 RESPONSE: true, msg: login successful
2022-11-28 13:57:29 [nodeJS-login] info: POST / LOGIN 200 RESPONSE: true, msg: login successful
2022-11-28 13:57:53 [nodeJS-login] info: POST / REGISTER 200 RESPONSE: true, msg: save success
2022-11-28 13:57:55 [nodeJS-login] info: POST / LOGIN 200 RESPONSE: true, msg: login successful
2022-11-28 14:07:50 [nodeJS-login] info: POST / LOGIN 200 RESPONSE: true, msg: login successful
2022-11-28 14:10:32 [nodeJS-login] info: POST / LOGIN 200 RESPONSE: true, msg: login successful
2022-11-28 14:11:03 [nodeJS-login] info: POST / REGISTER 200 RESPONSE: true, msg: save success
2022-11-28 14:11:06 [nodeJS-login] info: POST / LOGIN 200 RESPONSE: true, msg: login successful
2022-11-28 17:40:41 [nodeJS-login] info: POST / LOGIN 200 RESPONSE: true, msg: login successful
2022-11-28 17:50:56 [nodeJS-login] info: POST / LOGIN 200 RESPONSE: true, msg: login successful
2022-11-29 15:37:01 [nodeJS-login] info: POST / LOGIN 200 RESPONSE: false, msg: undefined
2022-11-29 15:37:01 [nodeJS-login] info: POST / LOGIN 200 RESPONSE: false, msg: undefined
2022-11-29 15:42:03 [nodeJS-login] info: POST / LOGIN 200 RESPONSE: false, msg: undefined
2022-11-29 15:42:03 [nodeJS-login] info: POST / LOGIN 200 RESPONSE: false, msg: undefined
2022-11-29 15:42:03 [nodeJS-login] info: POST / LOGIN 200 RESPONSE: false, msg: undefined
2022-11-29 15:42:03 [nodeJS-login] info: POST / LOGIN 200 RESPONSE: false, msg: undefined
2022-11-29 15:46:44 [nodeJS-login] info: POST / LOGIN 200 RESPONSE: true, msg: login successful
2022-11-29 15:46:49 [nodeJS-login] info: POST / LOGIN 200 RESPONSE: true, msg: login successful
2022-11-29 16:21:23 [nodeJS-login] info: POST / LOGIN 200 RESPONSE: true, msg: login successful
2022-11-29 17:39:56 [nodeJS-login] info: POST / LOGIN 200 RESPONSE: true, msg: login successful
2022-11-29 17:49:10 [nodeJS-login] info: POST / LOGIN 200 RESPONSE: true, msg: login successful
2022-11-29 19:47:21 [nodeJS-login] info: POST / LOGIN 200 RESPONSE: true, msg: login successful
2022-11-29 19:47:25 [nodeJS-login] info: POST / LOGIN 200 RESPONSE: true, msg: login successful
2022-12-01 13:20:22 [nodeJS-login] info: POST / LOGIN 200 RESPONSE: true, msg: login successful
2022-12-01 16:10:05 [nodeJS-login] info: POST / LOGIN 200 RESPONSE: true, msg: login successful
2022-12-01 16:31:50 [nodeJS-login] info: POST / LOGIN 200 RESPONSE: true, msg: login successful
2022-12-01 16:49:27 [nodeJS-login] info: POST / LOGIN 200 RESPONSE: true, msg: login successful
2022-12-02 12:27:31 [nodeJS-login] info: POST / LOGIN 200 RESPONSE: true, msg: login successful
2022-12-02 12:27:33 [nodeJS-login] info: POST / LOGIN 200 RESPONSE: true, msg: login successful
2022-12-02 13:07:23 [nodeJS-login] info: POST / REGISTER 200 RESPONSE: true, msg: save success
2022-12-02 13:07:32 [nodeJS-login] info: POST / LOGIN 200 RESPONSE: true, msg: login successful
2022-12-27 14:13:51 [nodeJS-login] info: POST / LOGIN 200 RESPONSE: true, msg: login successful
2022-12-27 14:13:54 [nodeJS-login] info: POST / LOGIN 200 RESPONSE: true, msg: login successful
2022-12-27 16:54:35 [nodeJS-login] info: POST / LOGIN 200 RESPONSE: false, msg: Login failed : 틀린 password error
2022-12-27 16:54:40 [nodeJS-login] info: POST / LOGIN 200 RESPONSE: false, msg: Login failed : 틀린 password error
2022-12-27 16:54:44 [nodeJS-login] info: POST / LOGIN 200 RESPONSE: false, msg: Login failed : 틀린 password error
2022-12-27 16:54:56 [nodeJS-login] info: POST / LOGIN 200 RESPONSE: false, msg: Login failed : 틀린 password error
2022-12-27 16:55:21 [nodeJS-login] info: POST / LOGIN 200 RESPONSE: false, msg: Login failed : 틀린 password error
2022-12-27 16:57:07 [nodeJS-login] info: POST / LOGIN 200 RESPONSE: true, msg: login successful
2022-12-27 16:57:12 [nodeJS-login] info: POST / LOGIN 200 RESPONSE: true, msg: login successful
2022-12-27 16:57:46 [nodeJS-login] info: POST / LOGIN 200 RESPONSE: true, msg: login successful
2022-12-27 16:59:49 [nodeJS-login] info: POST / LOGIN 200 RESPONSE: true, msg: login successful
2022-12-27 17:02:08 [nodeJS-login] info: POST / LOGIN 200 RESPONSE: true, msg: login successful
2022-12-27 17:02:12 [nodeJS-login] info: POST / LOGIN 200 RESPONSE: true, msg: login successful
2022-12-27 17:05:55 [nodeJS-login] info: POST / LOGIN 200 RESPONSE: true, msg: login successful
2022-12-27 17:05:57 [nodeJS-login] info: POST / LOGIN 200 RESPONSE: true, msg: login successful
2022-12-27 17:11:59 [nodeJS-login] info: POST / LOGIN 200 RESPONSE: true, msg: login successful
2022-12-27 17:12:03 [nodeJS-login] info: POST / LOGIN 200 RESPONSE: true, msg: login successful
2022-12-27 17:14:40 [nodeJS-login] info: POST / LOGIN 200 RESPONSE: true, msg: login successful
2022-12-27 17:14:45 [nodeJS-login] info: POST / LOGIN 200 RESPONSE: true, msg: login successful
2022-12-27 17:28:45 [nodeJS-login] info: POST / LOGIN 200 RESPONSE: true, msg: login successful
2022-12-27 17:28:47 [nodeJS-login] info: POST / LOGIN 200 RESPONSE: true, msg: login successful
2022-12-27 17:29:20 [nodeJS-login] info: POST / LOGIN 200 RESPONSE: true, msg: login successful
2022-12-27 17:30:48 [nodeJS-login] info: POST / LOGIN 200 RESPONSE: true, msg: login successful
2022-12-27 17:37:56 [nodeJS-login] info: POST / LOGIN 200 RESPONSE: true, msg: login successful
2022-12-27 17:42:40 [nodeJS-login] info: POST / LOGIN 200 RESPONSE: true, msg: login successful
2022-12-27 17:51:27 [nodeJS-login] info: POST / LOGIN 200 RESPONSE: true, msg: login successful
2022-12-27 17:51:44 [nodeJS-login] info: POST / LOGIN 200 RESPONSE: true, msg: login successful
2022-12-27 18:10:10 [nodeJS-login] info: POST / LOGIN 200 RESPONSE: true, msg: login successful
2022-12-28 10:16:29 [nodeJS-login] info: POST / LOGIN 200 RESPONSE: true, msg: login successful
2022-12-28 10:16:32 [nodeJS-login] info: POST / LOGIN 200 RESPONSE: true, msg: login successful
2022-12-28 10:18:47 [nodeJS-login] info: POST / LOGIN 200 RESPONSE: true, msg: login successful
2022-12-28 10:19:30 [nodeJS-login] info: POST / LOGIN 200 RESPONSE: true, msg: login successful
2022-12-28 10:21:04 [nodeJS-login] info: POST / LOGIN 200 RESPONSE: true, msg: login successful
2022-12-28 10:24:19 [nodeJS-login] info: POST / LOGIN 200 RESPONSE: true, msg: login successful
2022-12-28 10:24:24 [nodeJS-login] info: POST / LOGIN 200 RESPONSE: true, msg: login successful
2022-12-28 10:25:31 [nodeJS-login] info: POST / LOGIN 200 RESPONSE: true, msg: login successful
2022-12-28 10:27:48 [nodeJS-login] info: POST / LOGIN 200 RESPONSE: true, msg: login successful
2022-12-28 10:28:02 [nodeJS-login] info: POST / LOGIN 200 RESPONSE: true, msg: login successful
2022-12-28 10:29:42 [nodeJS-login] info: POST / LOGIN 200 RESPONSE: false, msg: Login failed : 존재하지 않는 id error
2022-12-28 10:29:47 [nodeJS-login] info: POST / LOGIN 200 RESPONSE: true, msg: login successful
2022-12-28 10:35:25 [nodeJS-login] info: POST / LOGIN 200 RESPONSE: true, msg: login successful
2022-12-28 10:35:36 [nodeJS-login] info: POST / LOGIN 200 RESPONSE: true, msg: login successful
2022-12-28 10:38:12 [nodeJS-login] info: POST / LOGIN 200 RESPONSE: true, msg: login successful
2022-12-28 10:38:20 [nodeJS-login] info: POST / LOGIN 200 RESPONSE: true, msg: login successful
2022-12-28 10:38:58 [nodeJS-login] info: POST / LOGIN 200 RESPONSE: true, msg: login successful
2022-12-28 10:40:25 [nodeJS-login] info: POST / LOGIN 200 RESPONSE: true, msg: login successful
2022-12-28 10:40:44 [nodeJS-login] info: POST / LOGIN 200 RESPONSE: true, msg: login successful
2022-12-28 10:42:49 [nodeJS-login] info: POST / LOGIN 200 RESPONSE: true, msg: login successful
2022-12-28 10:49:37 [nodeJS-login] info: POST / LOGIN 200 RESPONSE: true, msg: login successful
2022-12-28 10:52:38 [nodeJS-login] info: POST / LOGIN 200 RESPONSE: true, msg: login successful
2022-12-28 11:01:14 [nodeJS-login] info: POST / LOGIN 200 RESPONSE: true, msg: login successful
2022-12-28 11:03:27 [nodeJS-login] info: POST / LOGIN 200 RESPONSE: true, msg: login successful
2022-12-28 11:25:46 [nodeJS-login] info: POST / LOGIN 200 RESPONSE: false, msg: Login failed : 틀린 password error
2022-12-28 11:25:50 [nodeJS-login] info: POST / LOGIN 200 RESPONSE: true, msg: login successful
2022-12-28 11:27:03 [nodeJS-login] info: POST / LOGIN 200 RESPONSE: true, msg: login successful
2022-12-28 11:27:13 [nodeJS-login] info: POST / LOGIN 200 RESPONSE: true, msg: login successful
2022-12-28 11:35:49 [nodeJS-login] info: POST / LOGIN 200 RESPONSE: true, msg: login successful
2022-12-28 11:40:30 [nodeJS-login] info: POST / LOGIN 200 RESPONSE: false, msg: Login failed : 틀린 password error
2022-12-28 11:40:34 [nodeJS-login] info: POST / LOGIN 200 RESPONSE: true, msg: login successful
2022-12-28 11:41:02 [nodeJS-login] info: POST / LOGIN 200 RESPONSE: true, msg: login successful
2022-12-28 11:41:17 [nodeJS-login] info: POST / LOGIN 200 RESPONSE: true, msg: login successful
2022-12-28 11:44:48 [nodeJS-login] info: POST / LOGIN 200 RESPONSE: true, msg: login successful
2022-12-28 11:45:06 [nodeJS-login] info: POST / LOGIN 200 RESPONSE: true, msg: login successful
2022-12-28 11:45:21 [nodeJS-login] info: POST / LOGIN 200 RESPONSE: true, msg: login successful
2022-12-28 11:45:31 [nodeJS-login] info: POST / LOGIN 200 RESPONSE: true, msg: login successful
2022-12-28 11:45:38 [nodeJS-login] info: POST / LOGIN 200 RESPONSE: true, msg: login successful
2022-12-28 11:48:38 [nodeJS-login] info: POST / LOGIN 200 RESPONSE: true, msg: login successful
2022-12-28 11:48:48 [nodeJS-login] info: POST / LOGIN 200 RESPONSE: true, msg: login successful
2022-12-28 11:48:57 [nodeJS-login] info: POST / LOGIN 200 RESPONSE: true, msg: login successful
2022-12-28 11:55:14 [nodeJS-login] info: POST / LOGIN 200 RESPONSE: true, msg: login successful
2022-12-28 12:00:44 [nodeJS-login] info: POST / LOGIN 200 RESPONSE: true, msg: login successful
2022-12-28 12:03:07 [nodeJS-login] info: POST / LOGIN 200 RESPONSE: true, msg: login successful
2022-12-28 12:05:02 [nodeJS-login] info: POST / LOGIN 200 RESPONSE: true, msg: login successful
2022-12-28 12:12:47 [nodeJS-login] info: POST / LOGIN 200 RESPONSE: true, msg: login successful
2022-12-28 12:29:17 [nodeJS-login] info: POST / LOGIN 200 RESPONSE: true, msg: login successful
2022-12-28 12:29:44 [nodeJS-login] info: POST / LOGIN 200 RESPONSE: true, msg: login successful
2022-12-28 12:35:00 [nodeJS-login] info: POST / LOGIN 200 RESPONSE: true, msg: login successful
2022-12-28 12:36:40 [nodeJS-login] info: POST / LOGIN 200 RESPONSE: true, msg: login successful
2022-12-28 14:11:42 [nodeJS-login] info: POST / LOGIN 200 RESPONSE: true, msg: login successful
2022-12-28 14:19:32 [nodeJS-login] info: POST / LOGIN 200 RESPONSE: true, msg: login successful
2022-12-28 14:24:03 [nodeJS-login] info: POST / LOGIN 200 RESPONSE: true, msg: login successful
2022-12-28 14:32:09 [nodeJS-login] info: POST / LOGIN 200 RESPONSE: true, msg: login successful
2022-12-28 14:32:22 [nodeJS-login] info: POST / LOGIN 200 RESPONSE: true, msg: login successful
2022-12-28 14:32:35 [nodeJS-login] info: POST / LOGIN 200 RESPONSE: true, msg: login successful
2022-12-28 14:33:15 [nodeJS-login] info: POST / LOGIN 200 RESPONSE: true, msg: login successful
2022-12-28 14:33:28 [nodeJS-login] info: POST / LOGIN 200 RESPONSE: true, msg: login successful
2022-12-28 15:03:54 [nodeJS-login] info: POST / LOGIN 200 RESPONSE: true, msg: login successful
2022-12-28 15:12:30 [nodeJS-login] info: POST / LOGIN 200 RESPONSE: true, msg: login successful
2022-12-28 16:00:28 [nodeJS-login] info: POST / REGISTER 200 RESPONSE: false, msg: error
2022-12-28 16:00:38 [nodeJS-login] info: POST / REGISTER 200 RESPONSE: false, msg: error
2022-12-28 16:07:40 [nodeJS-login] info: POST / REGISTER 200 RESPONSE: false, msg: error
2022-12-28 16:10:15 [nodeJS-login] info: POST / REGISTER 200 RESPONSE: true, msg: save success
2022-12-28 16:10:21 [nodeJS-login] info: POST / LOGIN 200 RESPONSE: true, msg: login successful
2022-12-29 13:33:25 [nodeJS-login] info: POST / REGISTER 200 RESPONSE: true, msg: save success
2022-12-29 15:45:16 [nodeJS-login] info: POST / REGISTER 200 RESPONSE: true, msg: save success
2022-12-29 16:00:25 [nodeJS-login] info: POST / REGISTER 200 RESPONSE: true, msg: save success
2022-12-29 16:11:29 [nodeJS-login] info: POST / LOGIN 200 RESPONSE: true, msg: login successful
2022-12-29 16:11:32 [nodeJS-login] info: POST / LOGIN 200 RESPONSE: true, msg: login successful
2022-12-29 16:12:37 [nodeJS-login] info: POST / LOGIN 200 RESPONSE: true, msg: login successful
2023-01-03 17:54:12 [nodeJS-login] info: POST / REGISTER 200 RESPONSE: true, msg: save success
2023-01-03 17:54:24 [nodeJS-login] info: POST / LOGIN 200 RESPONSE: false, msg: Login failed : 틀린 password error
2023-01-03 17:54:35 [nodeJS-login] info: POST / LOGIN 200 RESPONSE: true, msg: login successful
2023-01-05 18:36:36 [nodeJS-login] info: POST / REGISTER 200 RESPONSE: false, msg: error
2023-01-05 18:37:46 [nodeJS-login] info: POST / REGISTER 200 RESPONSE: false, msg: error
2023-01-05 18:45:53 [nodeJS-login] info: POST / REGISTER 200 RESPONSE: false, msg: error
2023-01-05 18:46:50 [nodeJS-login] info: POST / REGISTER 200 RESPONSE: false, msg: error
2023-01-05 18:48:58 [nodeJS-login] info: POST / REGISTER 200 RESPONSE: false, msg: error
2023-01-05 18:53:03 [nodeJS-login] info: POST / REGISTER 200 RESPONSE: true, msg: save success
2023-01-10 11:19:20 [nodeJS-login] info: POST / REGISTER 200 RESPONSE: false, msg: error
2023-01-10 11:23:27 [nodeJS-login] info: POST / REGISTER 200 RESPONSE: false, msg: error
2023-01-10 11:30:28 [nodeJS-login] info: POST / REGISTER 200 RESPONSE: false, msg: error
2023-01-10 12:26:35 [nodeJS-login] info: POST / REGISTER 200 RESPONSE: false, msg: error
2023-01-10 14:41:44 [nodeJS-login] info: POST / REGISTER 200 RESPONSE: false, msg: error
2023-01-10 14:45:29 [nodeJS-login] info: POST / REGISTER 200 RESPONSE: true, msg: save success
2023-01-10 15:04:21 [nodeJS-login] info: POST / REGISTER 200 RESPONSE: false, msg: 존재하는 아이디 입니다.
2023-01-10 15:11:17 [nodeJS-login] info: POST / REGISTER 200 RESPONSE: true, msg: save success
2023-01-10 16:22:03 [nodeJS-login] info: POST / REGISTER 200 RESPONSE: true, msg: save success
2023-01-10 16:23:46 [nodeJS-login] info: POST / REGISTER 200 RESPONSE: true, msg: save success
2023-01-10 16:37:39 [nodeJS-login] info: POST / REGISTER 200 RESPONSE: true, msg: save success
2023-01-12 09:10:06 [nodeJS-login] info: POST / REGISTER 200 RESPONSE: true, msg: save success
2023-01-12 11:05:52 [nodeJS-login] info: POST / REGISTER 200 RESPONSE: false, msg: 존재하는 아이디 입니다.
2023-01-12 11:06:01 [nodeJS-login] info: POST / REGISTER 200 RESPONSE: true, msg: save success
2023-01-12 11:15:44 [nodeJS-login] info: POST / REGISTER 200 RESPONSE: false, msg: 존재하는 아이디 입니다.
2023-01-12 11:15:55 [nodeJS-login] info: POST / REGISTER 200 RESPONSE: true, msg: save success
2023-01-12 11:17:44 [nodeJS-login] info: POST / REGISTER 200 RESPONSE: true, msg: save success
2023-01-12 11:36:56 [nodeJS-login] info: POST / REGISTER 200 RESPONSE: true, msg: save success
2023-01-12 11:53:51 [nodeJS-login] info: POST / REGISTER 200 RESPONSE: true, msg: save success
2023-01-12 12:06:11 [nodeJS-login] info: POST / REGISTER 200 RESPONSE: true, msg: save success
2023-01-12 12:09:02 [nodeJS-login] info: POST / REGISTER 200 RESPONSE: false, msg: 존재하는 아이디 입니다.
2023-01-12 12:09:16 [nodeJS-login] info: POST / REGISTER 200 RESPONSE: true, msg: save success
2023-01-12 12:43:51 [nodeJS-login] info: POST / REGISTER 200 RESPONSE: true, msg: save success
2023-01-12 12:49:23 [nodeJS-login] info: POST / REGISTER 200 RESPONSE: true, msg: save success
2023-01-12 12:54:19 [nodeJS-login] info: POST / REGISTER 200 RESPONSE: true, msg: save success
2023-01-12 13:08:23 [nodeJS-login] info: POST / REGISTER 200 RESPONSE: true, msg: save success
2023-01-18 15:41:30 [nodeJS-login] info: POST / REGISTER 200 RESPONSE: true, msg: save success
2023-01-18 17:29:50 [nodeJS-login] info: POST / REGISTER 200 RESPONSE: true, msg: save success
2023-01-18 17:33:53 [nodeJS-login] info: POST / REGISTER 200 RESPONSE: true, msg: save success
2023-01-18 17:48:25 [nodeJS-login] info: POST / REGISTER 200 RESPONSE: true, msg: save success
2023-01-18 17:56:06 [nodeJS-login] info: POST / REGISTER 200 RESPONSE: true, msg: save success
2023-01-25 10:15:57 [nodeJS-login] info: POST / REGISTER 200 RESPONSE: false, msg: error
2023-01-25 10:20:48 [nodeJS-login] info: POST / REGISTER 200 RESPONSE: false, msg: error
2023-01-25 10:24:54 [nodeJS-login] info: POST / REGISTER 200 RESPONSE: true, msg: save success
